Line 64: Class MSDataGridLib.DataGrid of control DataGrid1 was not a loaded control class.
Line 65: The property name Bindings in DataGrid1 is invalid.
Line 71: The property name _ExtentX in DataGrid1 is invalid.
Line 72: The property name _ExtentY in DataGrid1 is invalid.
Line 73: The property name _Version in DataGrid1 is invalid.
Line 74: The property name HeadLines in DataGrid1 is invalid.
Line 75: The property name RowHeight in DataGrid1 is invalid.
Line 76: The property name AllowAddNew in DataGrid1 is invalid.
Line 77: The property name AllowDelete in DataGrid1 is invalid.
Line 86: The property name HeadFont in DataGrid1 is invalid.
Line 96: The property name ColumnCount in DataGrid1 is invalid.
Line 109: The property name Column00 in DataGrid1 is invalid.
Line 122: The property name Column01 in DataGrid1 is invalid.
Line 123: The property name SplitCount in DataGrid1 is invalid.
Line 129: The property name Split0 in DataGrid1 is invalid.
Line 65: The property name Bindings in DataGrid1 is invalid.
Line 71: The property name _ExtentX in DataGrid1 is invalid.
Line 72: The property name _ExtentY in DataGrid1 is invalid.
Line 73: The property name _Version in DataGrid1 is invalid.
Line 74: The property name HeadLines in DataGrid1 is invalid.
Line 75: The property name RowHeight in DataGrid1 is invalid.
Line 76: The property name AllowAddNew in DataGrid1 is invalid.
Line 77: The property name AllowDelete in DataGrid1 is invalid.
Line 86: The property name HeadFont in DataGrid1 is invalid.
Line 96: The property name ColumnCount in DataGrid1 is invalid.
Line 109: The property name Column00 in DataGrid1 is invalid.
Line 122: The property name Column01 in DataGrid1 is invalid.
Line 123: The property name SplitCount in DataGrid1 is invalid.
Line 129: The property name Split0 in DataGrid1 is invalid.
